\BOOKMARK [0][-]{section*.1}{\315ndice general}{}% 1
\BOOKMARK [0][-]{section*.2}{\315ndice de figuras}{}% 2
\BOOKMARK [0][-]{section*.3}{\315ndice de tablas}{}% 3
\BOOKMARK [0][-]{chapter*.4}{Introducci\363n}{}% 4
\BOOKMARK [0][-]{chapter*.5}{Objetivos del proyecto}{}% 5
\BOOKMARK [1][-]{section.2.1}{Objetivos generales}{chapter*.5}% 6
\BOOKMARK [1][-]{section.2.2}{Objetivos Funcionales }{chapter*.5}% 7
\BOOKMARK [1][-]{section.2.3}{Objetivos incrementales del desarrollo}{chapter*.5}% 8
\BOOKMARK [0][-]{chapter*.6}{Conceptos te\363ricos}{}% 9
\BOOKMARK [1][-]{section.3.1}{Introducci\363n}{chapter*.6}% 10
\BOOKMARK [1][-]{section.3.2}{Nutrici\363n}{chapter*.6}% 11
\BOOKMARK [1][-]{section.3.3}{Prevenciones}{chapter*.6}% 12
\BOOKMARK [1][-]{section.3.4}{Ense\361anza}{chapter*.6}% 13
\BOOKMARK [1][-]{section.3.5}{Autoaprendizaje del valor TMB}{chapter*.6}% 14
\BOOKMARK [1][-]{section.3.6}{M\351todos de recomendaci\363n}{chapter*.6}% 15
\BOOKMARK [0][-]{chapter*.14}{T\351cnicas y herramientas}{}% 16
\BOOKMARK [1][-]{section.4.1}{\277Por qu\351 Python?}{chapter*.14}% 17
\BOOKMARK [1][-]{section.4.2}{Metodolog\355a}{chapter*.14}% 18
\BOOKMARK [1][-]{section.4.3}{T\351cnicas}{chapter*.14}% 19
\BOOKMARK [1][-]{section.4.4}{Estructura del programa}{chapter*.14}% 20
\BOOKMARK [1][-]{section.4.5}{Librer\355as}{chapter*.14}% 21
\BOOKMARK [1][-]{section.4.6}{M\363dulos}{chapter*.14}% 22
\BOOKMARK [1][-]{section.4.7}{Herramientas}{chapter*.14}% 23
\BOOKMARK [0][-]{chapter*.48}{Aspectos relevantes del desarrollo del proyecto}{}% 24
\BOOKMARK [1][-]{section.5.1}{La idea}{chapter*.48}% 25
\BOOKMARK [1][-]{section.5.2}{Formato de trabajo}{chapter*.48}% 26
\BOOKMARK [1][-]{section.5.3}{Algoritmos del programa}{chapter*.48}% 27
\BOOKMARK [1][-]{section.5.4}{Conocimientos aprendidos en la carrera}{chapter*.48}% 28
\BOOKMARK [1][-]{section.5.5}{Conocimientos externos a la carrera}{chapter*.48}% 29
\BOOKMARK [1][-]{section.5.6}{Fases del proyecto}{chapter*.48}% 30
\BOOKMARK [0][-]{chapter*.64}{Trabajos relacionados}{}% 31
\BOOKMARK [1][-]{section.6.1}{Estudios:}{chapter*.64}% 32
\BOOKMARK [1][-]{section.6.2}{Aplicaciones Similares}{chapter*.64}% 33
\BOOKMARK [0][-]{chapter*.74}{Conclusiones y L\355neas de trabajo futuras}{}% 34
\BOOKMARK [1][-]{section.7.1}{Conclusiones}{chapter*.74}% 35
\BOOKMARK [1][-]{section.7.2}{Lineas de trabajo futuras}{chapter*.74}% 36
\BOOKMARK [0][-]{chapter*.79}{Bibliograf\355a}{}% 37
